proguard/seeds.txt
net.youmi.android.b.a.g.d.d
net.youmi.android.b.a.g.d.d: void a(java.lang.String,java.io.ByteArrayOutputStream)
net.youmi.android.b.a.g.e.a
net.youmi.android.b.a.g.e.a: android.content.Context a
net.youmi.android.b.a.g.e.a: java.lang.String b
net.youmi.android.b.a.g.e.a: java.lang.String c
net.youmi.android.b.a.g.e.a: int d
net.youmi.android.b.a.g.e.a: boolean e
net.youmi.android.b.a.g.e.a: a(android.content.Context,java.lang.String,java.lang.String,boolean,int)
net.youmi.android.b.a.g.e.a: a(android.content.Context,java.lang.String,java.lang.String,boolean)
net.youmi.android.b.a.g.e.a: void run()
net.youmi.android.b.a.g.e.a: void a()
net.youmi.android.b.a.g.e.a: void a(android.content.Context,boolean)
net.youmi.android.b.a.g.e.a: java.lang.String b()
net.youmi.android.b.a.g.e.a: void a(android.content.Context)
net.youmi.android.b.a.g.e.b
net.youmi.android.b.a.g.e.b: java.lang.String a
net.youmi.android.b.a.g.e.b: net.youmi.android.b.a.g.e.b b
net.youmi.android.b.a.g.e.b: b(android.content.Context)
net.youmi.android.b.a.g.e.b: java.lang.String b(android.content.Context)
net.youmi.android.b.a.g.e.b: net.youmi.android.b.a.g.e.b a(android.content.Context)
net.youmi.android.b.a.g.e.b: void onCreate(android.database.sqlite.SQLiteDatabase)
net.youmi.android.b.a.g.e.b: void onUpgrade(android.database.sqlite.SQLiteDatabase,int,int)
net.youmi.android.b.a.g.e.b: boolean a(java.util.List)
net.youmi.android.b.a.g.e.b: java.util.List a()
net.youmi.android.b.a.g.e.b: void <clinit>()
net.youmi.android.b.a.g.e.c
net.youmi.android.b.a.g.e.c: void a(android.content.Context,java.lang.String)
net.youmi.android.b.a.g.e.c: void a(android.content.Context)
net.youmi.android.b.a.g.e.c: void b(android.content.Context)
net.youmi.android.b.a.g.e.c: java.lang.String d(android.content.Context)
net.youmi.android.b.a.g.e.c: java.lang.String c(android.content.Context)
net.youmi.android.b.a.g.e.d
net.youmi.android.b.a.g.e.d: android.content.Context a
net.youmi.android.b.a.g.e.d: d(android.content.Context)
net.youmi.android.b.a.g.e.d: void run()
net.youmi.android.b.a.g.e.e
net.youmi.android.b.a.g.e.e: android.content.Context a
net.youmi.android.b.a.g.e.e: e(android.content.Context)
net.youmi.android.b.a.g.e.e: void run()
net.youmi.android.b.a.g.e.f
net.youmi.android.b.a.g.e.f: net.youmi.android.b.a.g.e.f a
net.youmi.android.b.a.g.e.f: android.content.IntentFilter b
net.youmi.android.b.a.g.e.f: f()
net.youmi.android.b.a.g.e.f: void b(android.content.Context)
net.youmi.android.b.a.g.e.f: void onReceive(android.content.Context,android.content.Intent)
net.youmi.android.b.a.g.e.f: void a(android.content.Context)
net.youmi.android.b.a.g.e.g
net.youmi.android.b.a.g.e.g: android.content.Context a
net.youmi.android.b.a.g.e.g: java.lang.String a()
net.youmi.android.b.a.g.e.g: g(android.content.Context)
net.youmi.android.b.a.g.e.g: void run()
net.youmi.android.b.a.g.e.h
net.youmi.android.b.a.g.e.h: android.content.Context a
net.youmi.android.b.a.g.e.h: h(android.content.Context)
net.youmi.android.b.a.g.e.h: void run()
net.youmi.android.b.a.g.e.i
net.youmi.android.b.a.g.e.i: android.content.Context a
net.youmi.android.b.a.g.e.i: i(android.content.Context)
net.youmi.android.b.a.g.e.i: void run()
net.youmi.android.b.a.g.e.j
net.youmi.android.b.a.g.e.j: java.lang.String a
net.youmi.android.b.a.g.e.j: java.lang.String b
net.youmi.android.b.a.g.e.j: java.lang.String c
net.youmi.android.b.a.g.e.j: org.json.JSONObject d
net.youmi.android.b.a.g.e.j: android.content.Context e
net.youmi.android.b.a.g.e.j: j(android.content.Context,java.lang.String,int)
net.youmi.android.b.a.g.e.j: void run()
net.youmi.android.b.a.g.e.j: java.util.HashMap a()
net.youmi.android.b.a.g.e.j: java.lang.String b()
net.youmi.android.b.a.g.e.j: void a(java.lang.String,int)
net.youmi.android.b.a.g.e.j: org.apache.http.Header a(java.lang.String,java.lang.String)
net.youmi.android.b.a.g.e.j: void <clinit>()