proguard/usage.txt
com.qingfengmy.childpuzzle.BuildConfig
com.qingfengmy.childpuzzle.R
com.qingfengmy.childpuzzle.R$array
com.qingfengmy.childpuzzle.R$attr
com.qingfengmy.childpuzzle.R$color
com.qingfengmy.childpuzzle.R$dimen
com.qingfengmy.childpuzzle.R$drawable
com.qingfengmy.childpuzzle.R$id
com.qingfengmy.childpuzzle.R$layout
com.qingfengmy.childpuzzle.R$menu
com.qingfengmy.childpuzzle.R$string
com.qingfengmy.childpuzzle.R$style
com.qingfengmy.childpuzzle.R$xml
...
com.umeng.analytics.a.l:
    public static final java.lang.String f
    18:19:public void a(java.lang.String)
com.umeng.analytics.a.m:
    private static final java.lang.String k
    private static final java.lang.String l
    private static final java.lang.String m
com.umeng.analytics.a.o:
    public static final java.lang.String d
    public static final java.lang.String e
    public static final java.lang.String f
    private static final java.lang.String g
com.umeng.analytics.a.p:
    private static final java.lang.String c
    private static final java.lang.String d
com.umeng.analytics.b:
    59:63:void a(java.lang.String)
    83:85:void a(java.lang.String,java.lang.String)
    106:119:void a(android.content.Context,java.lang.String)
    122:129:void a(android.content.Context,java.lang.Throwable)
    191:195:void c(android.content.Context)
    199:220:void a(android.content.Context,java.lang.String,java.lang.String,long,int)
    224:246:void a(android.content.Context,java.lang.String,java.util.HashMap,long)
    377:387:private void d(android.content.Context,java.lang.String)
    390:408:private int e(android.content.Context,java.lang.String)
    412:418:void b(android.content.Context,java.lang.String)
    421:432:void c(android.content.Context,java.lang.String)
    435:440:void a(android.content.Context,java.lang.String,java.lang.String)
    443:453:void b(android.content.Context,java.lang.String,java.lang.String)
    462:481:void a(android.content.Context,java.lang.String,java.util.HashMap,java.lang.String)
    484:499:void c(android.content.Context,java.lang.String,java.lang.String)
    509:519:boolean a(java.lang.String,int)
    523:535:boolean a(java.util.Map)
    540:547:void d(android.content.Context)
com.umeng.analytics.c:
    38:39:public void a(int)
    49:56:public void a(java.lang.String)
    59:62:public long b(java.lang.String)
    66:67:public void a(java.lang.String,java.util.HashMap)
    70:73:public java.util.HashMap c(java.lang.String)
    78:79:public synchronized void a(java.lang.String,java.lang.String,java.lang.String,long,int)
    82:83:public synchronized void a(java.lang.String,java.lang.String,java.util.HashMap,long)
com.umeng.analytics.d:
    82:83:public void e(android.content.Context)
    459:461:public void a(int,long)
com.umeng.analytics.f:
    7:10:public f(java.lang.String,long)
com.umeng.analytics.g:
    public static final java.lang.String a
    public static final java.lang.String b
    public static final java.lang.String c
    static final int e
    static final int f
    static final java.lang.String n
    static final java.lang.String o
    public static final java.lang.String q
    static final java.lang.String u
    static final java.lang.String v
    static final java.lang.String w
    static final java.lang.String x
    static final java.lang.String y
    static final java.lang.String z
    public static final java.lang.String A
    public static final java.lang.String B
    public static final java.lang.String C
    public static final java.lang.String D
    public static final java.lang.String E
    public static final java.lang.String F
    public static final java.lang.String G
    public static final java.lang.String H
    8:8:public g()
com.umeng.analytics.j:
    private static final java.lang.String c
    private static final java.lang.String d
    private static final java.lang.String e
    private static final java.lang.String f
    private static final java.lang.String g
    private static final java.lang.String h
    private static final java.lang.String i
    private static final java.lang.String j
    27:27:public j()
    40:40:static android.content.SharedPreferences a(android.content.Context)
    52:52:static android.content.SharedPreferences d(android.content.Context)
    68:92:static org.json.JSONObject h(android.content.Context)
com.umeng.analytics.k